<?xml version="1.0" encoding="UTF-8"?>
<robot generator="Robot 5.0.1 (Python 3.9.16 on win32)" generated="20230918 15:33:56.981" rpa="true" schemaversion="3">
<suite id="s1" name="Record" source="d:\RPA\tree\record\record.robot">
<test id="s1-t1" name="Task0" line="5">
<kw name="Control Window" library="RPA.Windows">
<arg>name:Taskbar and type:PaneControl and class:Shell_TrayWnd</arg>
<tag>window</tag>
<doc>Controls the window defined by the locator.</doc>
<msg timestamp="20230918 15:33:57.534" level="INFO">Getting element with locator: name:Taskbar and type:PaneControl and class:Shell_TrayWnd</msg>
<msg timestamp="20230918 15:33:57.535" level="INFO">Resulted root element: WindowsElement(item=&lt;uiautomation.uiautomation.PaneControl object at 0x000002661F5F8B20&gt;, locator='name:Taskbar and type:PaneControl and class:Shell_TrayWnd', name='Desktop 1', automation_id='', control_type='PaneControl', class_name='#32769', left=0, right=1920, top=0, bottom=1080, width=1920, height=1080, xcenter=960, ycenter=540)</msg>
<msg timestamp="20230918 15:33:57.535" level="INFO">Locator 'name:Taskbar and type:PaneControl and class:Shell_TrayWnd' produced matcher: MatchObject(locators=[('Name', 'Taskbar', 0), ('ControlType', 'PaneControl', 0), ('ClassName', 'Shell_TrayWnd', 0)], _classes={'shell_traywnd'}, max_level=0)</msg>
<msg timestamp="20230918 15:33:57.543" level="INFO">Returning element: WindowsElement(item=&lt;uiautomation.uiautomation.PaneControl object at 0x000002661F110970&gt;, locator='name:Taskbar and type:PaneControl and class:Shell_TrayWnd', name='Taskbar', automation_id='', control_type='PaneControl', class_name='Shell_TrayWnd', left=0, right=1920, top=1030, bottom=1080, width=1920, height=50, xcenter=960, ycenter=1055)</msg>
<status status="PASS" starttime="20230918 15:33:57.406" endtime="20230918 15:33:58.059"/>
</kw>
<kw name="Click" library="RPA.Windows">
<arg>name:Firefox and id:308046B0AF4A39CB and type:ButtonControl and path:2|2|1|3</arg>
<tag>action</tag>
<tag>mouse</tag>
<doc>Mouse click on element matching given locator.</doc>
<msg timestamp="20230918 15:33:58.062" level="INFO">Getting element with locator: name:Firefox and id:308046B0AF4A39CB and type:ButtonControl and path:2|2|1|3</msg>
<msg timestamp="20230918 15:33:58.063" level="INFO">Resulted root element: WindowsElement(item=&lt;uiautomation.uiautomation.PaneControl object at 0x000002661F110970&gt;, locator='name:Taskbar and type:PaneControl and class:Shell_TrayWnd', name='Taskbar', automation_id='', control_type='PaneControl', class_name='Shell_TrayWnd', left=0, right=1920, top=1030, bottom=1080, width=1920, height=50, xcenter=960, ycenter=1055)</msg>
<msg timestamp="20230918 15:33:58.064" level="INFO">Locator 'name:Firefox and id:308046B0AF4A39CB and type:ButtonControl and path:2|2|1|3' produced matcher: MatchObject(locators=[('Name', 'Firefox', 0), ('AutomationId', '308046B0AF4A39CB', 0), ('ControlType', 'ButtonControl', 0), ('path', [2, 2, 1, 3], 0)], _classes=set(), max_level=0)</msg>
<msg timestamp="20230918 15:33:58.092" level="INFO">Returning element: WindowsElement(item=&lt;uiautomation.uiautomation.ButtonControl object at 0x000002661F110460&gt;, locator='name:Firefox and id:308046B0AF4A39CB and type:ButtonControl and path:2|2|1|3', name='Firefox', automation_id='308046B0AF4A39CB', control_type='ButtonControl', class_name='', left=860, right=922, top=1030, bottom=1080, width=62, height=50, xcenter=891, ycenter=1055)</msg>
<status status="PASS" starttime="20230918 15:33:58.061" endtime="20230918 15:33:58.674"/>
</kw>
<kw name="Control Window" library="RPA.Windows">
<arg>name:"Mozilla Firefox" and type:WindowControl and class:MozillaWindowClass</arg>
<tag>window</tag>
<doc>Controls the window defined by the locator.</doc>
<msg timestamp="20230918 15:33:58.680" level="INFO">Getting element with locator: name:"Mozilla Firefox" and type:WindowControl and class:MozillaWindowClass</msg>
<msg timestamp="20230918 15:33:58.681" level="INFO">Resulted root element: WindowsElement(item=&lt;uiautomation.uiautomation.PaneControl object at 0x000002661F110490&gt;, locator='name:"Mozilla Firefox" and type:WindowControl and class:MozillaWindowClass', name='Desktop 1', automation_id='', control_type='PaneControl', class_name='#32769', left=0, right=1920, top=0, bottom=1080, width=1920, height=1080, xcenter=960, ycenter=540)</msg>
<msg timestamp="20230918 15:33:58.681" level="INFO">Locator 'name:"Mozilla Firefox" and type:WindowControl and class:MozillaWindowClass' produced matcher: MatchObject(locators=[('Name', 'Mozilla Firefox', 0), ('ControlType', 'WindowControl', 0), ('ClassName', 'MozillaWindowClass', 0)], _classes={'mozillawindowclass'}, max_level=0)</msg>
<msg timestamp="20230918 15:33:58.840" level="INFO">Returning element: WindowsElement(item=&lt;uiautomation.uiautomation.WindowControl object at 0x000002661F110670&gt;, locator='name:"Mozilla Firefox" and type:WindowControl and class:MozillaWindowClass', name='Mozilla Firefox', automation_id='', control_type='WindowControl', class_name='MozillaWindowClass', left=-9, right=1929, top=-9, bottom=1039, width=1938, height=1048, xcenter=960, ycenter=515)</msg>
<status status="PASS" starttime="20230918 15:33:58.675" endtime="20230918 15:33:59.354"/>
</kw>
<kw name="Click" library="RPA.Windows">
<arg>name:Firefox and id:PanelUI-menu-button and type:ButtonControl and path:4|13</arg>
<tag>action</tag>
<tag>mouse</tag>
<doc>Mouse click on element matching given locator.</doc>
<msg timestamp="20230918 15:33:59.358" level="INFO">Getting element with locator: name:Firefox and id:PanelUI-menu-button and type:ButtonControl and path:4|13</msg>
<msg timestamp="20230918 15:33:59.359" level="INFO">Resulted root element: WindowsElement(item=&lt;uiautomation.uiautomation.WindowControl object at 0x000002661F110670&gt;, locator='name:"Mozilla Firefox" and type:WindowControl and class:MozillaWindowClass', name='Mozilla Firefox', automation_id='', control_type='WindowControl', class_name='MozillaWindowClass', left=-9, right=1929, top=-9, bottom=1039, width=1938, height=1048, xcenter=960, ycenter=515)</msg>
<msg timestamp="20230918 15:33:59.359" level="INFO">Locator 'name:Firefox and id:PanelUI-menu-button and type:ButtonControl and path:4|13' produced matcher: MatchObject(locators=[('Name', 'Firefox', 0), ('AutomationId', 'PanelUI-menu-button', 0), ('ControlType', 'ButtonControl', 0), ('path', [4, 13], 0)], _classes=set(), max_level=0)</msg>
<msg timestamp="20230918 15:33:59.457" level="INFO">Returning element: WindowsElement(item=&lt;uiautomation.uiautomation.ButtonControl object at 0x000002661F110130&gt;, locator='name:Firefox and id:PanelUI-menu-button and type:ButtonControl and path:4|13', name='Firefox', automation_id='PanelUI-menu-button', control_type='ButtonControl', class_name='', left=1868, right=1920, top=55, bottom=105, width=52, height=50, xcenter=1894, ycenter=80)</msg>
<status status="PASS" starttime="20230918 15:33:59.356" endtime="20230918 15:34:00.026"/>
</kw>
<kw name="Control Window" library="RPA.Windows">
<arg>id:appMenu-popup and type:GroupControl and class:MozillaDropShadowWindowClass</arg>
<tag>window</tag>
<doc>Controls the window defined by the locator.</doc>
<msg timestamp="20230918 15:34:00.029" level="INFO">Getting element with locator: id:appMenu-popup and type:GroupControl and class:MozillaDropShadowWindowClass</msg>
<msg timestamp="20230918 15:34:00.030" level="INFO">Resulted root element: WindowsElement(item=&lt;uiautomation.uiautomation.PaneControl object at 0x000002661F110400&gt;, locator='id:appMenu-popup and type:GroupControl and class:MozillaDropShadowWindowClass', name='Desktop 1', automation_id='', control_type='PaneControl', class_name='#32769', left=0, right=1920, top=0, bottom=1080, width=1920, height=1080, xcenter=960, ycenter=540)</msg>
<msg timestamp="20230918 15:34:00.030" level="INFO">Locator 'id:appMenu-popup and type:GroupControl and class:MozillaDropShadowWindowClass' produced matcher: MatchObject(locators=[('AutomationId', 'appMenu-popup', 0), ('ControlType', 'GroupControl', 0), ('ClassName', 'MozillaDropShadowWindowClass', 0)], _classes={'mozilladropshadowwindowclass'}, max_level=0)</msg>
<msg timestamp="20230918 15:34:00.085" level="INFO">Returning element: WindowsElement(item=&lt;uiautomation.uiautomation.GroupControl object at 0x000002661F110B80&gt;, locator='id:appMenu-popup and type:GroupControl and class:MozillaDropShadowWindowClass', name='', automation_id='appMenu-popup', control_type='GroupControl', class_name='MozillaDropShadowWindowClass', left=1566, right=1916, top=95, bottom=896, width=350, height=801, xcenter=1741, ycenter=495)</msg>
<status status="PASS" starttime="20230918 15:34:00.027" endtime="20230918 15:34:00.086"/>
</kw>
<kw name="Click" library="RPA.Windows">
<arg>name:Settings and id:appMenu-settings-button and type:ButtonControl and path:1|24</arg>
<tag>action</tag>
<tag>mouse</tag>
<doc>Mouse click on element matching given locator.</doc>
<msg timestamp="20230918 15:34:00.088" level="INFO">Getting element with locator: name:Settings and id:appMenu-settings-button and type:ButtonControl and path:1|24</msg>
<msg timestamp="20230918 15:34:00.089" level="INFO">Resulted root element: WindowsElement(item=&lt;uiautomation.uiautomation.GroupControl object at 0x000002661F110B80&gt;, locator='id:appMenu-popup and type:GroupControl and class:MozillaDropShadowWindowClass', name='', automation_id='appMenu-popup', control_type='GroupControl', class_name='MozillaDropShadowWindowClass', left=1566, right=1916, top=95, bottom=896, width=350, height=801, xcenter=1741, ycenter=495)</msg>
<msg timestamp="20230918 15:34:00.090" level="INFO">Locator 'name:Settings and id:appMenu-settings-button and type:ButtonControl and path:1|24' produced matcher: MatchObject(locators=[('Name', 'Settings', 0), ('AutomationId', 'appMenu-settings-button', 0), ('ControlType', 'ButtonControl', 0), ('path', [1, 24], 0)], _classes=set(), max_level=0)</msg>
<msg timestamp="20230918 15:34:00.121" level="INFO">Returning element: WindowsElement(item=&lt;uiautomation.uiautomation.ButtonControl object at 0x000002661F110F10&gt;, locator='name:Settings and id:appMenu-settings-button and type:ButtonControl and path:1|24', name='Settings', automation_id='appMenu-settings-button', control_type='ButtonControl', class_name='', left=1582, right=1900, top=709, bottom=749, width=318, height=40, xcenter=1741, ycenter=729)</msg>
<status status="PASS" starttime="20230918 15:34:00.087" endtime="20230918 15:34:00.703"/>
</kw>
<kw name="Control Window" library="RPA.Windows">
<arg>name:"Settings — Mozilla Firefox" and type:WindowControl and class:MozillaWindowClass</arg>
<tag>window</tag>
<doc>Controls the window defined by the locator.</doc>
<msg timestamp="20230918 15:34:00.708" level="INFO">Getting element with locator: name:"Settings — Mozilla Firefox" and type:WindowControl and class:MozillaWindowClass</msg>
<msg timestamp="20230918 15:34:00.709" level="INFO">Resulted root element: WindowsElement(item=&lt;uiautomation.uiautomation.PaneControl object at 0x000002661F110880&gt;, locator='name:"Settings — Mozilla Firefox" and type:WindowControl and class:MozillaWindowClass', name='Desktop 1', automation_id='', control_type='PaneControl', class_name='#32769', left=0, right=1920, top=0, bottom=1080, width=1920, height=1080, xcenter=960, ycenter=540)</msg>
<msg timestamp="20230918 15:34:00.709" level="INFO">Locator 'name:"Settings — Mozilla Firefox" and type:WindowControl and class:MozillaWindowClass' produced matcher: MatchObject(locators=[('Name', 'Settings — Mozilla Firefox', 0), ('ControlType', 'WindowControl', 0), ('ClassName', 'MozillaWindowClass', 0)], _classes={'mozillawindowclass'}, max_level=0)</msg>
<msg timestamp="20230918 15:34:00.754" level="INFO">Returning element: WindowsElement(item=&lt;uiautomation.uiautomation.WindowControl object at 0x000002661F110790&gt;, locator='name:"Settings — Mozilla Firefox" and type:WindowControl and class:MozillaWindowClass', name='Settings — Mozilla Firefox', automation_id='', control_type='WindowControl', class_name='MozillaWindowClass', left=-9, right=1929, top=-9, bottom=1039, width=1938, height=1048, xcenter=960, ycenter=515)</msg>
<status status="PASS" starttime="20230918 15:34:00.704" endtime="20230918 15:34:01.264"/>
</kw>
<kw name="Click" library="RPA.Windows">
<arg>name:"Open previous windows and tabs" and id:browserRestoreSession and type:CheckBoxControl and path:5|1|1|1|1|6|2</arg>
<tag>action</tag>
<tag>mouse</tag>
<doc>Mouse click on element matching given locator.</doc>
<msg timestamp="20230918 15:34:01.266" level="INFO">Getting element with locator: name:"Open previous windows and tabs" and id:browserRestoreSession and type:CheckBoxControl and path:5|1|1|1|1|6|2</msg>
<msg timestamp="20230918 15:34:01.267" level="INFO">Resulted root element: WindowsElement(item=&lt;uiautomation.uiautomation.WindowControl object at 0x000002661F110790&gt;, locator='name:"Settings — Mozilla Firefox" and type:WindowControl and class:MozillaWindowClass', name='Settings — Mozilla Firefox', automation_id='', control_type='WindowControl', class_name='MozillaWindowClass', left=-9, right=1929, top=-9, bottom=1039, width=1938, height=1048, xcenter=960, ycenter=515)</msg>
<msg timestamp="20230918 15:34:01.267" level="INFO">Locator 'name:"Open previous windows and tabs" and id:browserRestoreSession and type:CheckBoxControl and path:5|1|1|1|1|6|2' produced matcher: MatchObject(locators=[('Name', 'Open previous windows and tabs', 0), ('AutomationId', 'browserRestoreSession', 0), ('ControlType', 'CheckBoxControl', 0), ('path', [5, 1, 1, 1, 1, 6, 2], 0)], _classes=set(), max_level=0)</msg>
<msg timestamp="20230918 15:34:01.320" level="INFO">Returning element: WindowsElement(item=&lt;uiautomation.uiautomation.CheckBoxControl object at 0x000002661EF3B940&gt;, locator='name:"Open previous windows and tabs" and id:browserRestoreSession and type:CheckBoxControl and path:5|1|1|1|1|6|2', name='Open previous windows and tabs', automation_id='browserRestoreSession', control_type='CheckBoxControl', class_name='', left=335, right=1165, top=312, bottom=348, width=830, height=36, xcenter=750, ycenter=330)</msg>
<status status="PASS" starttime="20230918 15:34:01.265" endtime="20230918 15:34:01.904"/>
</kw>
<kw name="Click" library="RPA.Windows">
<arg>name:"Open previous windows and tabs" and id:browserRestoreSession and type:CheckBoxControl and path:5|1|1|1|1|6|2</arg>
<tag>action</tag>
<tag>mouse</tag>
<doc>Mouse click on element matching given locator.</doc>
<msg timestamp="20230918 15:34:01.909" level="INFO">Getting element with locator: name:"Open previous windows and tabs" and id:browserRestoreSession and type:CheckBoxControl and path:5|1|1|1|1|6|2</msg>
<msg timestamp="20230918 15:34:01.910" level="INFO">Resulted root element: WindowsElement(item=&lt;uiautomation.uiautomation.WindowControl object at 0x000002661F110790&gt;, locator='name:"Settings — Mozilla Firefox" and type:WindowControl and class:MozillaWindowClass', name='Settings — Mozilla Firefox', automation_id='', control_type='WindowControl', class_name='MozillaWindowClass', left=-9, right=1929, top=-9, bottom=1039, width=1938, height=1048, xcenter=960, ycenter=515)</msg>
<msg timestamp="20230918 15:34:01.910" level="INFO">Locator 'name:"Open previous windows and tabs" and id:browserRestoreSession and type:CheckBoxControl and path:5|1|1|1|1|6|2' produced matcher: MatchObject(locators=[('Name', 'Open previous windows and tabs', 0), ('AutomationId', 'browserRestoreSession', 0), ('ControlType', 'CheckBoxControl', 0), ('path', [5, 1, 1, 1, 1, 6, 2], 0)], _classes=set(), max_level=0)</msg>
<msg timestamp="20230918 15:34:01.964" level="INFO">Returning element: WindowsElement(item=&lt;uiautomation.uiautomation.CheckBoxControl object at 0x000002661EF3BA30&gt;, locator='name:"Open previous windows and tabs" and id:browserRestoreSession and type:CheckBoxControl and path:5|1|1|1|1|6|2', name='Open previous windows and tabs', automation_id='browserRestoreSession', control_type='CheckBoxControl', class_name='', left=335, right=1165, top=312, bottom=348, width=830, height=36, xcenter=750, ycenter=330)</msg>
<status status="PASS" starttime="20230918 15:34:01.908" endtime="20230918 15:34:02.530"/>
</kw>
<kw name="Click" library="RPA.Windows">
<arg>name:"Always ask you where to save files" and id:alwaysAsk and type:CheckBoxControl and path:5|1|1|1|1|16|5</arg>
<tag>action</tag>
<tag>mouse</tag>
<doc>Mouse click on element matching given locator.</doc>
<msg timestamp="20230918 15:34:02.533" level="INFO">Getting element with locator: name:"Always ask you where to save files" and id:alwaysAsk and type:CheckBoxControl and path:5|1|1|1|1|16|5</msg>
<msg timestamp="20230918 15:34:02.533" level="INFO">Resulted root element: WindowsElement(item=&lt;uiautomation.uiautomation.WindowControl object at 0x000002661F110790&gt;, locator='name:"Settings — Mozilla Firefox" and type:WindowControl and class:MozillaWindowClass', name='Settings — Mozilla Firefox', automation_id='', control_type='WindowControl', class_name='MozillaWindowClass', left=-9, right=1929, top=-9, bottom=1039, width=1938, height=1048, xcenter=960, ycenter=515)</msg>
<msg timestamp="20230918 15:34:02.534" level="INFO">Locator 'name:"Always ask you where to save files" and id:alwaysAsk and type:CheckBoxControl and path:5|1|1|1|1|16|5' produced matcher: MatchObject(locators=[('Name', 'Always ask you where to save files', 0), ('AutomationId', 'alwaysAsk', 0), ('ControlType', 'CheckBoxControl', 0), ('path', [5, 1, 1, 1, 1, 16, 5], 0)], _classes=set(), max_level=0)</msg>
<msg timestamp="20230918 15:34:02.591" level="INFO">Returning element: WindowsElement(item=&lt;uiautomation.uiautomation.CheckBoxControl object at 0x000002661EF3BDC0&gt;, locator='name:"Always ask you where to save files" and id:alwaysAsk and type:CheckBoxControl and path:5|1|1|1|1|16|5', name='Always ask you where to save files', automation_id='alwaysAsk', control_type='CheckBoxControl', class_name='', left=0, right=0, top=0, bottom=0, width=0, height=0, xcenter=0, ycenter=0)</msg>
<msg timestamp="20230918 15:34:02.592" level="FAIL">ActionNotPossible: Element WindowsElement(item=&lt;uiautomation.uiautomation.CheckBoxControl object at 0x000002661EF3BDC0&gt;, locator='name:"Always ask you where to save files" and id:alwaysAsk and type:CheckBoxControl and path:5|1|1|1|1|16|5', name='Always ask you where to save files', automation_id='alwaysAsk', control_type='CheckBoxControl', class_name='', left=0, right=0, top=0, bottom=0, width=0, height=0, xcenter=0, ycenter=0) is not visible for clicking, use a string locator and ensure the root window is in focus</msg>
<status status="FAIL" starttime="20230918 15:34:02.531" endtime="20230918 15:34:02.594"/>
</kw>
<kw name="Click" library="RPA.Windows">
<arg>name:"Always ask you where to save files" and id:alwaysAsk and type:CheckBoxControl and path:5|1|1|1|1|16|5</arg>
<tag>action</tag>
<tag>mouse</tag>
<doc>Mouse click on element matching given locator.</doc>
<status status="NOT RUN" starttime="20230918 15:34:02.595" endtime="20230918 15:34:02.595"/>
</kw>
<status status="FAIL" starttime="20230918 15:33:57.404" endtime="20230918 15:34:02.596">ActionNotPossible: Element WindowsElement(item=&lt;uiautomation.uiautomation.CheckBoxControl object at 0x000002661EF3BDC0&gt;, locator='name:"Always ask you where to save files" and id:alwaysAsk and type:CheckBoxControl and path:5|1|1|1|1|16|5', name='Always ask you where to save files', automation_id='alwaysAsk', control_type='CheckBoxControl', class_name='', left=0, right=0, top=0, bottom=0, width=0, height=0, xcenter=0, ycenter=0) is not visible for clicking, use a string locator and ensure the root window is in focus</status>
</test>
<status status="FAIL" starttime="20230918 15:33:56.990" endtime="20230918 15:34:02.598"/>
</suite>
<statistics>
<total>
<stat pass="0" fail="1" skip="0">All Tasks</stat>
</total>
<tag>
</tag>
<suite>
<stat pass="0" fail="1" skip="0" id="s1" name="Record">Record</stat>
</suite>
</statistics>
<errors>
</errors>
</robot>
